<?xml version="1.0" encoding="UTF-8"?>
<!-- Generated by org.testng.reporters.JUnitReportReporter -->
<testsuite hostname="LAPTOP-0PN38UC2" failures="0" tests="1" name="com.hrms.testcase.AddEmployeeTest" time="0.000" errors="0" timestamp="2020-06-01T12:06:58 EDT" skipped="1">
  <testcase classname="com.hrms.testcase.AddEmployeeTest" name="addEmployee" time="0.000">
    <skipped/>
  </testcase> <!-- addEmployee -->
  <system-out/>
</testsuite> <!-- com.hrms.testcase.AddEmployeeTest -->
