<?xml version="1.0" encoding="UTF-8"?>
<!-- Generated by org.testng.reporters.JUnitReportReporter -->
<testsuite hostname="LAPTOP-0PN38UC2" failures="0" tests="3" name="com.hrms.testcase.LoginTest" time="26.397" errors="0" timestamp="2020-06-01T12:08:58 EDT" skipped="0">
  <testcase classname="com.hrms.testcase.LoginTest" name="emptyUsernameLogin" time="9.653"/>
  <system-out/>
  <testcase classname="com.hrms.testcase.LoginTest" name="invalidPasswordLogin" time="6.307"/>
  <system-out/>
  <testcase classname="com.hrms.testcase.LoginTest" name="validAdminLogin" time="10.437"/>
  <system-out/>
</testsuite> <!-- com.hrms.testcase.LoginTest -->
